07/06/2019 12:39:39.982 - [INFO] - MTL UDP Server Started............
07/06/2019 12:39:45.274 - [INFO] - MTL UDP Server Started............
07/06/2019 12:39:54.024 - [INFO] - MTL UDP Server Started............
07/06/2019 12:48:49.799 - [INFO] - MTL UDP Server Started............
07/06/2019 12:50:27.758 - [INFO] - METHOD[addEvent]; PARAMETERS[MTLM9087, MTLA090619, CONFERENCES, 2]; STATUS[true]; SERVER_MESSAGE[MTLA090619 Added.]
07/06/2019 12:50:39.229 - [INFO] - METHOD[addEvent]; PARAMETERS[MTLM9087, MTLA080619, TRADESHOWS, 2]; STATUS[true]; SERVER_MESSAGE[MTLA080619 Added.]
07/06/2019 12:50:48.402 - [INFO] - METHOD[addEvent]; PARAMETERS[MTLM9087, MTLE230719, SEMINARS, 1]; STATUS[true]; SERVER_MESSAGE[MTLE230719 Added.]
07/06/2019 12:51:11.060 - [INFO] - Received UDP Socket call for method[listEventAvailability] with parameters[CONFERENCES]
07/06/2019 12:51:14.446 - [INFO] - Received UDP Socket call for method[listEventAvailability] with parameters[SEMINARS]
07/06/2019 12:51:18.148 - [INFO] - Received UDP Socket call for method[listEventAvailability] with parameters[TRADESHOWS]
07/06/2019 12:51:49.087 - [INFO] - Received UDP Socket call for method[getEventSchedule] with parameters[TORC1234]
07/06/2019 12:51:55.901 - [INFO] - Received UDP Socket call for method[getEventSchedule] with parameters[TORC1234]
07/06/2019 12:51:55.906 - [INFO] - Received UDP Socket call for method[bookEvent] with parameters[{eventId=MTLE090619, customerId=TORC1234, eventtype=CONFERENCES}]
07/06/2019 12:53:21.376 - [INFO] - Received UDP Socket call for method[getEventSchedule] with parameters[TORC1234]
07/06/2019 12:53:21.379 - [INFO] - Received UDP Socket call for method[bookEvent] with parameters[{eventId=MTLA090619, customerId=TORC1234, eventtype=CONFERENCES}]
07/06/2019 12:53:51.582 - [INFO] - Received UDP Socket call for method[getEventSchedule] with parameters[TORC1234]
07/06/2019 12:53:51.586 - [INFO] - Received UDP Socket call for method[bookEvent] with parameters[{eventId=MTLA080619, customerId=TORC1234, eventtype=TRADESHOWS}]
07/06/2019 12:54:10.191 - [INFO] - Received UDP Socket call for method[getEventSchedule] with parameters[TORC1234]
07/06/2019 12:54:18.985 - [INFO] - Received UDP Socket call for method[getEventSchedule] with parameters[TORC1234]
07/06/2019 12:54:18.988 - [INFO] - Received UDP Socket call for method[bookEvent] with parameters[{eventId=MTLE230719, customerId=TORC1234, eventtype=CONFERENCES}]
07/06/2019 12:54:26.658 - [INFO] - Received UDP Socket call for method[getEventSchedule] with parameters[TORC1234]
07/06/2019 12:54:26.661 - [INFO] - Received UDP Socket call for method[bookEvent] with parameters[{eventId=MTLE230719, customerId=TORC1234, eventtype=SEMINARS}]
07/06/2019 12:54:49.053 - [INFO] - Received UDP Socket call for method[getEventSchedule] with parameters[TORC1234]
07/06/2019 12:55:57.002 - [INFO] - Received UDP Socket call for method[dropEvent] with parameters[{eventId=MTLA090619, customerId=TORC1234}]
07/06/2019 12:56:44.114 - [INFO] - Received UDP Socket call for method[getEventSchedule] with parameters[OTWC7890]
07/06/2019 12:57:20.000 - [INFO] - METHOD[removeEvent]; PARAMETERS[MTLM9087, MTLA080619, TRADESHOWS]; STATUS[true]; SERVER_MESSAGE[MTLA080619 removed]
07/06/2019 12:57:35.250 - [INFO] - Received UDP Socket call for method[getEventSchedule] with parameters[OTWC7890]
07/06/2019 12:57:49.568 - [INFO] - Received UDP Socket call for method[getEventSchedule] with parameters[TORC1234]
07/06/2019 12:58:11.419 - [INFO] - Received UDP Socket call for method[listEventAvailability] with parameters[CONFERENCES]
07/06/2019 12:58:18.579 - [INFO] - Received UDP Socket call for method[listEventAvailability] with parameters[SEMINARS]
07/06/2019 12:58:20.338 - [INFO] - Received UDP Socket call for method[listEventAvailability] with parameters[CONFERENCES]
